<?xml version="1.0" encoding="UTF-8"?>
<robot generator="Robot 6.1.1 (Python 3.9.12 on win32)" generated="20231127 00:02:37.891" rpa="false" schemaversion="4">
<suite id="s1" name="ExampleSuite" source="D:\Robot_Framework\test\ExampleSuite.robot">
<test id="s1-t1" name="Test case name 1" line="8">
<kw name="Common KeyWork 1" library="common">
<tag>Keywork1</tag>
<doc>Set value for 123 to 1234</doc>
<kw name="Set Suite Variable" library="BuiltIn">
<arg>${myVal}</arg>
<arg>1234</arg>
<doc>Makes a variable available everywhere within the scope of the current suite.</doc>
<msg timestamp="20231127 00:02:37.911" level="INFO">${myVal} = 1234</msg>
<status status="PASS" starttime="20231127 00:02:37.911" endtime="20231127 00:02:37.911"/>
</kw>
<kw name="Log" library="BuiltIn">
<arg>message="Update value myVal ${myVal}"</arg>
<doc>Logs the given message with the given level.</doc>
<msg timestamp="20231127 00:02:37.911" level="INFO">"Update value myVal 1234"</msg>
<status status="PASS" starttime="20231127 00:02:37.911" endtime="20231127 00:02:37.911"/>
</kw>
<status status="PASS" starttime="20231127 00:02:37.911" endtime="20231127 00:02:37.911"/>
</kw>
<kw name="Common KeyWork 2" library="common">
<tag>Keywork2</tag>
<doc>Set value for 1234 to 321</doc>
<kw name="Set Suite Variable" library="BuiltIn">
<arg>${myVal}</arg>
<arg>321</arg>
<doc>Makes a variable available everywhere within the scope of the current suite.</doc>
<msg timestamp="20231127 00:02:37.912" level="INFO">${myVal} = 321</msg>
<status status="PASS" starttime="20231127 00:02:37.912" endtime="20231127 00:02:37.912"/>
</kw>
<kw name="Log" library="BuiltIn">
<arg>message="Update value myVal ${myVal}"</arg>
<doc>Logs the given message with the given level.</doc>
<msg timestamp="20231127 00:02:37.912" level="INFO">"Update value myVal 321"</msg>
<status status="PASS" starttime="20231127 00:02:37.912" endtime="20231127 00:02:37.912"/>
</kw>
<status status="PASS" starttime="20231127 00:02:37.912" endtime="20231127 00:02:37.912"/>
</kw>
<kw name="Hello Example Library" library="ExampleLibrary">
<msg timestamp="20231127 00:02:37.912" level="INFO">Hello, this is example library</msg>
<status status="PASS" starttime="20231127 00:02:37.912" endtime="20231127 00:02:37.912"/>
</kw>
<tag>Smoke</tag>
<status status="PASS" starttime="20231127 00:02:37.910" endtime="20231127 00:02:37.914"/>
</test>
<test id="s1-t2" name="Test case name 2" line="14">
<kw name="Common KeyWork 1" library="common">
<tag>Keywork1</tag>
<doc>Set value for 321 to 1234</doc>
<kw name="Set Suite Variable" library="BuiltIn">
<arg>${myVal}</arg>
<arg>1234</arg>
<doc>Makes a variable available everywhere within the scope of the current suite.</doc>
<msg timestamp="20231127 00:02:37.916" level="INFO">${myVal} = 1234</msg>
<status status="PASS" starttime="20231127 00:02:37.915" endtime="20231127 00:02:37.916"/>
</kw>
<kw name="Log" library="BuiltIn">
<arg>message="Update value myVal ${myVal}"</arg>
<doc>Logs the given message with the given level.</doc>
<msg timestamp="20231127 00:02:37.916" level="INFO">"Update value myVal 1234"</msg>
<status status="PASS" starttime="20231127 00:02:37.916" endtime="20231127 00:02:37.916"/>
</kw>
<status status="PASS" starttime="20231127 00:02:37.915" endtime="20231127 00:02:37.916"/>
</kw>
<kw name="Common KeyWork 2" library="common">
<tag>Keywork2</tag>
<doc>Set value for 1234 to 321</doc>
<kw name="Set Suite Variable" library="BuiltIn">
<arg>${myVal}</arg>
<arg>321</arg>
<doc>Makes a variable available everywhere within the scope of the current suite.</doc>
<msg timestamp="20231127 00:02:37.916" level="INFO">${myVal} = 321</msg>
<status status="PASS" starttime="20231127 00:02:37.916" endtime="20231127 00:02:37.917"/>
</kw>
<kw name="Log" library="BuiltIn">
<arg>message="Update value myVal ${myVal}"</arg>
<doc>Logs the given message with the given level.</doc>
<msg timestamp="20231127 00:02:37.917" level="INFO">"Update value myVal 321"</msg>
<status status="PASS" starttime="20231127 00:02:37.917" endtime="20231127 00:02:37.917"/>
</kw>
<status status="PASS" starttime="20231127 00:02:37.916" endtime="20231127 00:02:37.917"/>
</kw>
<kw name="Add Two Numbers" library="common">
<var>${result}</var>
<arg>5</arg>
<arg>10</arg>
<kw name="Evaluate" library="BuiltIn">
<var>${sum}</var>
<arg>${number1} + ${number2}</arg>
<doc>Evaluates the given expression in Python and returns the result.</doc>
<msg timestamp="20231127 00:02:37.917" level="INFO">${sum} = 15</msg>
<status status="PASS" starttime="20231127 00:02:37.917" endtime="20231127 00:02:37.917"/>
</kw>
<msg timestamp="20231127 00:02:37.917" level="INFO">${result} = 15</msg>
<status status="PASS" starttime="20231127 00:02:37.917" endtime="20231127 00:02:37.917"/>
</kw>
<kw name="Should Be Equal As Numbers" library="BuiltIn">
<arg>${result}</arg>
<arg>15</arg>
<doc>Fails if objects are unequal after converting them to real numbers.</doc>
<msg timestamp="20231127 00:02:37.918" level="INFO">Argument types are:
&lt;class 'int'&gt;
&lt;class 'str'&gt;</msg>
<status status="PASS" starttime="20231127 00:02:37.918" endtime="20231127 00:02:37.918"/>
</kw>
<tag>Regression</tag>
<status status="PASS" starttime="20231127 00:02:37.915" endtime="20231127 00:02:37.918"/>
</test>
<status status="PASS" starttime="20231127 00:02:37.893" endtime="20231127 00:02:37.919"/>
</suite>
<statistics>
<total>
<stat pass="2" fail="0" skip="0">All Tests</stat>
</total>
<tag>
<stat pass="1" fail="0" skip="0">Regression</stat>
<stat pass="1" fail="0" skip="0">Smoke</stat>
</tag>
<suite>
<stat pass="2" fail="0" skip="0" id="s1" name="ExampleSuite">ExampleSuite</stat>
</suite>
</statistics>
<errors>
</errors>
</robot>
